<?xml version="1.0" encoding="UTF-8"?>
<!-- Generated by org.testng.reporters.JUnitReportReporter -->
<testsuite hostname="LIN-5CG1361LMZ" failures="0" tests="1" name="TestRunner.Runner" time="19.618" errors="0" timestamp="2024-04-18T14:27:18 IST" skipped="0">
  <testcase classname="TestRunner.Runner" name="runScenario" time="19.618"/>
</testsuite> <!-- TestRunner.Runner -->
